5.000000000000000000e-01 9.395031724125146866e-01
1.000000000000000000e+00 1.148770066909491794e+00
1.500000000000000000e+00 1.287982875481247902e+00
2.000000000000000000e+00 1.394586445204913483e+00
2.500000000000000000e+00 1.481146103329956665e+00
3.000000000000000000e+00 1.554737264662981122e+00
3.500000000000000000e+00 1.619008519127965506e+00
4.000000000000000000e+00 1.676206363737582805e+00
4.500000000000000000e+00 1.727943796291947276e+00
5.000000000000000000e+00 1.775298557989299031e+00
5.500000000000000000e+00 1.819015480950474828e+00
6.000000000000000000e+00 1.859589577466249422e+00
6.500000000000000000e+00 1.897408173605799053e+00
7.000000000000000000e+00 1.932812445238232257e+00
7.500000000000000000e+00 1.966161322221159580e+00
8.000000000000000000e+00 1.997779112681746572e+00
8.500000000000000000e+00 2.027881704829633591e+00
9.000000000000000000e+00 2.056632669270038960e+00
9.500000000000000000e+00 2.084144552052020316e+00
1.000000000000000000e+01 2.110457851737737478e+00
