5.000000000000000000e-01 9.396398577839134569e-01
1.000000000000000000e+00 1.148886041715741158e+00
1.500000000000000000e+00 1.288086609914898872e+00
2.000000000000000000e+00 1.394682501256466090e+00
2.500000000000000000e+00 1.481235955655574532e+00
3.000000000000000000e+00 1.554822097346186371e+00
3.500000000000000000e+00 1.619088862463831546e+00
4.000000000000000000e+00 1.676283307373523712e+00
4.500000000000000000e+00 1.728017558157443734e+00
5.000000000000000000e+00 1.775369370542466463e+00
5.500000000000000000e+00 1.819083852693438530e+00
6.000000000000000000e+00 1.859655174240469666e+00
6.500000000000000000e+00 1.897472186759113999e+00
7.000000000000000000e+00 1.932874482497572544e+00
7.500000000000000000e+00 1.966222008317708880e+00
8.000000000000000000e+00 1.997838476672768593e+00
8.500000000000000000e+00 2.027939666807651253e+00
9.000000000000000000e+00 2.056688735261559930e+00
9.500000000000000000e+00 2.084199906140566050e+00
1.000000000000000000e+01 2.110511578619479689e+00
