5.000000000000000000e-01 9.396389352157710206e-01
1.000000000000000000e+00 1.148884901218116150e+00
1.500000000000000000e+00 1.288086115941405208e+00
2.000000000000000000e+00 1.394682138040661989e+00
2.500000000000000000e+00 1.481235723197459997e+00
3.000000000000000000e+00 1.554821973852813288e+00
3.500000000000000000e+00 1.619088847935199471e+00
4.000000000000000000e+00 1.676283336430788085e+00
4.500000000000000000e+00 1.728017638064920813e+00
5.000000000000000000e+00 1.775369523093103918e+00
5.500000000000000000e+00 1.819084056094288915e+00
6.000000000000000000e+00 1.859655581042170436e+00
6.500000000000000000e+00 1.897472477331757279e+00
7.000000000000000000e+00 1.932874932885169539e+00
7.500000000000000000e+00 1.966222415119409428e+00
8.000000000000000000e+00 1.997838912531733513e+00
8.500000000000000000e+00 2.027940218895673219e+00
9.000000000000000000e+00 2.056689287349581896e+00
9.500000000000000000e+00 2.084200530871748835e+00
1.000000000000000000e+01 2.110512203350662919e+00
