5.000000000000000000e-01 1.402393997740000842e+00
1.000000000000000000e+00 1.571897896565496611e+00
1.500000000000000000e+00 1.697271587327122688e+00
2.000000000000000000e+00 1.797796482685952935e+00
2.500000000000000000e+00 1.882130663096905021e+00
3.000000000000000000e+00 1.954658517427742437e+00
3.500000000000000000e+00 2.018729487434030467e+00
4.000000000000000000e+00 2.076381264626979473e+00
4.500000000000000000e+00 2.128827149607240621e+00
5.000000000000000000e+00 2.177079740818590015e+00
5.500000000000000000e+00 2.221909288223832935e+00
6.000000000000000000e+00 2.263772038090973826e+00
6.500000000000000000e+00 2.303066499903796860e+00
7.000000000000000000e+00 2.340053444448857878e+00
7.500000000000000000e+00 2.374938502721487765e+00
8.000000000000000000e+00 2.407979176566003687e+00
8.500000000000000000e+00 2.439343580417333790e+00
9.000000000000000000e+00 2.469215526897460045e+00
9.500000000000000000e+00 2.497753672301769257e+00
1.000000000000000000e+01 2.525132480077445507e+00
