5.000000000000000000e-01 1.235806562006473097e+00
1.000000000000000000e+00 1.460644118487834930e+00
1.500000000000000000e+00 1.608616377413273124e+00
2.000000000000000000e+00 1.720881326496600749e+00
2.500000000000000000e+00 1.813001397252082869e+00
3.000000000000000000e+00 1.891454964876174927e+00
3.500000000000000000e+00 1.959440827369689497e+00
4.000000000000000000e+00 2.019372713565826594e+00
4.500000000000000000e+00 2.074670663475989940e+00
5.000000000000000000e+00 2.123959106206893654e+00
5.500000000000000000e+00 2.170796743035316112e+00
6.000000000000000000e+00 2.213705953955650507e+00
6.500000000000000000e+00 2.253137010335921619e+00
7.000000000000000000e+00 2.291451977193354583e+00
7.500000000000000000e+00 2.326854243874549866e+00
8.000000000000000000e+00 2.359545119106768674e+00
8.500000000000000000e+00 2.391111710667610524e+00
9.000000000000000000e+00 2.421995398402213340e+00
9.500000000000000000e+00 2.450616919994353715e+00
1.000000000000000000e+01 2.477270218729971774e+00
