5.000000000000000000e-01 1.072851970791816489e+00
1.000000000000000000e+00 1.293519170582294375e+00
1.500000000000000000e+00 1.442579972743988082e+00
2.000000000000000000e+00 1.556835576891898887e+00
2.500000000000000000e+00 1.651440392434596838e+00
3.000000000000000000e+00 1.732920739054679915e+00
3.500000000000000000e+00 1.804089941084384918e+00
4.000000000000000000e+00 1.867205980420112654e+00
4.500000000000000000e+00 1.925632293522357763e+00
5.000000000000000000e+00 1.978173173964023590e+00
5.500000000000000000e+00 2.027842034399509163e+00
6.000000000000000000e+00 2.073504595458507183e+00
6.500000000000000000e+00 2.115702077746391296e+00
7.000000000000000000e+00 2.156478136777877808e+00
7.500000000000000000e+00 2.194301977753638333e+00
8.000000000000000000e+00 2.229395365715026500e+00
8.500000000000000000e+00 2.263405731320379921e+00
9.000000000000000000e+00 2.296402521431446075e+00
9.500000000000000000e+00 2.327235358953476219e+00
1.000000000000000000e+01 2.356145593523979009e+00
