5.000000000000000000e-01 9.266454055905342102e-01
1.000000000000000000e+00 1.128203618526458563e+00
1.500000000000000000e+00 1.259700059890747292e+00
2.000000000000000000e+00 1.361545597016811548e+00
2.500000000000000000e+00 1.445224881172179732e+00
3.000000000000000000e+00 1.516941115260123984e+00
3.500000000000000000e+00 1.579304862022399725e+00
4.000000000000000000e+00 1.634399527311324984e+00
4.500000000000000000e+00 1.685260200500488414e+00
5.000000000000000000e+00 1.730493411421775596e+00
5.500000000000000000e+00 1.773512342572212130e+00
6.000000000000000000e+00 1.813197243213653165e+00
6.500000000000000000e+00 1.849382138252257946e+00
7.000000000000000000e+00 1.884602680802345054e+00
7.500000000000000000e+00 1.917222946882247481e+00
8.000000000000000000e+00 1.947124034166336504e+00
8.500000000000000000e+00 1.976491165161132546e+00
9.000000000000000000e+00 2.005148543417452967e+00
9.500000000000000000e+00 2.032022270560265298e+00
1.000000000000000000e+01 2.056916558742523549e+00
