5.000000000000000000e-01 9.396258303895592690e-01
1.000000000000000000e+00 1.148874549567699077e+00
1.500000000000000000e+00 1.288076585158706155e+00
2.000000000000000000e+00 1.394672999531030522e+00
2.500000000000000000e+00 1.481227616220712751e+00
3.000000000000000000e+00 1.554813547246157945e+00
3.500000000000000000e+00 1.619081278517842115e+00
4.000000000000000000e+00 1.676276130229234607e+00
4.500000000000000000e+00 1.728010264784097583e+00
5.000000000000000000e+00 1.775362585671245830e+00
5.500000000000000000e+00 1.819077634438872160e+00
6.000000000000000000e+00 1.859648926928639590e+00
6.500000000000000000e+00 1.897465765103697244e+00
7.000000000000000000e+00 1.932869135960936013e+00
7.500000000000000000e+00 1.966216313093900547e+00
8.000000000000000000e+00 1.997832607105374247e+00
8.500000000000000000e+00 2.027933361381291988e+00
9.000000000000000000e+00 2.056683228909969241e+00
9.500000000000000000e+00 2.084194966405629401e+00
1.000000000000000000e+01 2.110506508126854808e+00
