5.000000000000000000e-01 1.071062101423740476e+00
1.000000000000000000e+00 1.292005287110805423e+00
1.500000000000000000e+00 1.441241711378097534e+00
2.000000000000000000e+00 1.555606745183467865e+00
2.500000000000000000e+00 1.650312156975269229e+00
3.000000000000000000e+00 1.731879094243049755e+00
3.500000000000000000e+00 1.803052654862403736e+00
4.000000000000000000e+00 1.866243952512741000e+00
4.500000000000000000e+00 1.924739305675029932e+00
5.000000000000000000e+00 1.977259671688079923e+00
5.500000000000000000e+00 2.026935680210590007e+00
6.000000000000000000e+00 2.072722606360911879e+00
6.500000000000000000e+00 2.114798745512961986e+00
7.000000000000000000e+00 2.155719102919102070e+00
7.500000000000000000e+00 2.193576940894126359e+00
8.000000000000000000e+00 2.228688170015811654e+00
8.500000000000000000e+00 2.262587362527847201e+00
9.000000000000000000e+00 2.295726475119590937e+00
9.500000000000000000e+00 2.326573260128497633e+00
1.000000000000000000e+01 2.355308046936988475e+00
