5.000000000000000000e-01 1.140383428521454023e+00
1.000000000000000000e+00 1.308950641006231486e+00
1.500000000000000000e+00 1.429357631690800323e+00
2.000000000000000000e+00 1.524305155873298512e+00
2.500000000000000000e+00 1.602799370978027493e+00
3.000000000000000000e+00 1.670512738078832493e+00
3.500000000000000000e+00 1.730216720886528448e+00
4.000000000000000000e+00 1.783617416676133605e+00
4.500000000000000000e+00 1.831796413101256071e+00
5.000000000000000000e+00 1.875857025384903398e+00
5.500000000000000000e+00 1.916659882478415566e+00
6.000000000000000000e+00 1.954731625504791959e+00
6.500000000000000000e+00 1.990379869192838713e+00
7.000000000000000000e+00 2.023800092656165006e+00
7.500000000000000000e+00 2.055243870057165800e+00
8.000000000000000000e+00 2.084986159391700511e+00
8.500000000000000000e+00 2.113344037160277633e+00
9.000000000000000000e+00 2.140486849099397126e+00
9.500000000000000000e+00 2.166499304398894044e+00
1.000000000000000000e+01 2.191450908035039724e+00
