5.000000000000000000e-01 1.027754922211169930e+00
1.000000000000000000e+00 1.229819196462631492e+00
1.500000000000000000e+00 1.363955490291119066e+00
2.000000000000000000e+00 1.465287527441978543e+00
2.500000000000000000e+00 1.548043313622474493e+00
3.000000000000000000e+00 1.619098669290542691e+00
3.500000000000000000e+00 1.680540022253990351e+00
4.000000000000000000e+00 1.734436947107315330e+00
4.500000000000000000e+00 1.784187632799148382e+00
5.000000000000000000e+00 1.827927649021148682e+00
5.500000000000000000e+00 1.869527190923690796e+00
6.000000000000000000e+00 1.907981632649898174e+00
6.500000000000000000e+00 1.942800313234329224e+00
7.000000000000000000e+00 1.976911449432372958e+00
7.500000000000000000e+00 2.008194500207900912e+00
8.000000000000000000e+00 2.036738961935043779e+00
8.500000000000000000e+00 2.064815136790275396e+00
9.000000000000000000e+00 2.092426162958144875e+00
9.500000000000000000e+00 2.118080879747866963e+00
1.000000000000000000e+01 2.141662302613258184e+00
