5.000000000000000000e-01 9.279011443257331182e-01
1.000000000000000000e+00 1.129288733005523682e+00
1.500000000000000000e+00 1.260700385272503166e+00
2.000000000000000000e+00 1.362436608970165608e+00
2.500000000000000000e+00 1.446058824658394082e+00
3.000000000000000000e+00 1.517767561972140911e+00
3.500000000000000000e+00 1.580140432715415599e+00
4.000000000000000000e+00 1.635137349367141724e+00
4.500000000000000000e+00 1.686008889973163338e+00
5.000000000000000000e+00 1.731135344505310147e+00
5.500000000000000000e+00 1.774133644998073578e+00
6.000000000000000000e+00 1.813811978697776439e+00
6.500000000000000000e+00 1.849879598617553800e+00
7.000000000000000000e+00 1.885333761572837830e+00
7.500000000000000000e+00 1.917763644456863315e+00
8.000000000000000000e+00 1.947648459672928212e+00
8.500000000000000000e+00 1.976977583765983537e+00
9.000000000000000000e+00 2.005824357271193570e+00
9.500000000000000000e+00 2.032563781738280895e+00
1.000000000000000000e+01 2.057386937737464727e+00
